numprocs=50
NEURON -- VERSION 7.7.2 7.7 (2b7985ba) 2019-06-20
Duke, Yale, and the BlueBrain Project -- Copyright 1984-2018
See http://neuron.yale.edu/neuron/credits

2022-02-01 12:11:50,970 [INFO] Created log file
2022-02-01 12:11:50,971 [INFO] Running NEURON with mpi (50 cores).
Additional mechanisms from files
 modfiles//CaDynamics.mod modfiles//Ca_HVA.mod modfiles//Ca_LVA.mod modfiles//Ih.mod modfiles//Im.mod modfiles//Im_v2.mod modfiles//Kd.mod modfiles//K_P.mod modfiles//K_T.mod modfiles//Kv2like.mod modfiles//Kv3_1.mod modfiles//Nap.mod modfiles//NaTa.mod modfiles//NaTs.mod modfiles//NaV.mod modfiles//SK.mod modfiles//vecevent.mod
2022-02-01 12:11:51,057 [INFO] Building cells.
2022-02-01 12:11:51,379 [INFO] Building recurrent connections
2022-02-01 12:11:53,380 [INFO] Building virtual cell stimulations for LGN_spikes
2022-02-01 12:11:54,086 [INFO] Running simulation for 3000.000 ms with the time step 0.100 ms
2022-02-01 12:11:54,086 [INFO] Starting timestep: 0 at t_sim: 0.000 ms
2022-02-01 12:11:54,086 [INFO] Block save every 5000 steps
2022-02-01 12:11:55,023 [INFO]     step:5000 t_sim:500.00 ms
2022-02-01 12:11:55,939 [INFO]     step:10000 t_sim:1000.00 ms
2022-02-01 12:11:57,030 [INFO]     step:15000 t_sim:1500.00 ms
2022-02-01 12:11:58,098 [INFO]     step:20000 t_sim:2000.00 ms
2022-02-01 12:11:59,061 [INFO]     step:25000 t_sim:2500.00 ms
2022-02-01 12:11:59,966 [INFO]     step:30000 t_sim:3000.00 ms
2022-02-01 12:12:00,691 [INFO] Simulation completed in 6.692 seconds 
Done running model at Tue Feb  1 12:12:21 CST 2022
